Flutter crash report.
Please report a bug at https://github.com/flutter/flutter/issues.

## command

flutter --quiet assemble --depfile /Users/Projects/alaswaq-flutter-app/build/app/intermediates/flutter/release/flutter_build.d --output /Users/Projects/alaswaq-flutter-app/build/app/intermediates/flutter/release -dTargetFile=lib/main.dart -dTargetPlatform=android -dBuildMode=release -dTrackWidgetCreation=true android_aot_bundle_release_android-arm android_aot_bundle_release_android-arm64 android_aot_bundle_release_android-x64

## exception

FileSystemException: FileSystemException: Cannot open file, path = '/Users/Projects/alaswaq-flutter-app/build/app/intermediates/flutter/release/.last_build_id' (OS Error: No such file or directory, errno = 2)

```
#0      _File.throwIfError (dart:io/file_impl.dart:635:7)
#1      _File.openSync (dart:io/file_impl.dart:479:5)
#2      _File.writeAsBytesSync (dart:io/file_impl.dart:604:31)
#3      _File.writeAsStringSync (dart:io/file_impl.dart:628:5)
#4      ForwardingFile.writeAsStringSync (package:file/src/forwarding/forwarding_file.dart:148:16)
#5      ErrorHandlingFile.writeAsStringSync.<anonymous closure> (package:flutter_tools/src/base/error_handling_io.dart:187:22)
#6      _runSync (package:flutter_tools/src/base/error_handling_io.dart:380:14)
#7      ErrorHandlingFile.writeAsStringSync (package:flutter_tools/src/base/error_handling_io.dart:186:5)
#8      FlutterBuildSystem.trackSharedBuildDirectory (package:flutter_tools/src/build_system/build_system.dart:673:23)
#9      FlutterBuildSystem.build (package:flutter_tools/src/build_system/build_system.dart:590:5)
<asynchronous suspension>
#10     AssembleCommand.runCommand (package:flutter_tools/src/commands/assemble.dart:221:58)
#11     FlutterCommand.verifyThenRunCommand (package:flutter_tools/src/runner/flutter_command.dart:977:18)
#12     _rootRunUnary (dart:async/zone.dart:1198:47)
#13     _CustomZone.runUnary (dart:async/zone.dart:1100:19)
#14     _FutureListener.handleValue (dart:async/future_impl.dart:143:18)
#15     Future._propagateToListeners.handleValueCallback (dart:async/future_impl.dart:696:45)
#16     Future._propagateToListeners (dart:async/future_impl.dart:725:32)
#17     Future._completeWithValue (dart:async/future_impl.dart:529:5)
#18     Future._asyncCompleteWithValue.<anonymous closure> (dart:async/future_impl.dart:567:7)
#19     _rootRun (dart:async/zone.dart:1190:13)
#20     _CustomZone.run (dart:async/zone.dart:1093:19)
#21     _CustomZone.runGuarded (dart:async/zone.dart:997:7)
#22     _CustomZone.bindCallbackGuarded.<anonymous closure> (dart:async/zone.dart:1037:23)
#23     _microtaskLoop (dart:async/schedule_microtask.dart:41:21)
#24     _startMicrotaskLoop (dart:async/schedule_microtask.dart:50:5)
#25     _runPendingImmediateCallback (dart:isolate-patch/isolate_patch.dart:118:13)
#26     _RawReceivePortImpl._handleMessage (dart:isolate-patch/isolate_patch.dart:169:5)
```

## flutter doctor

```
[✓] Flutter (Channel stable, 1.22.5, on Mac OS X 10.15.7 19H2 darwin-x64, locale en-AE)
    • Flutter version 1.22.5 at /Users/mac/Developer/flutter
    • Framework revision 7891006299 (6 weeks ago), 2020-12-10 11:54:40 -0800
    • Engine revision ae90085a84
    • Dart version 2.10.4

[✓] Android toolchain - develop for Android devices (Android SDK version 30.0.3)
    • Android SDK at /Users/mac/Library/Android/sdk
    • Platform android-30, build-tools 30.0.3
    • ANDROID_HOME = /Users/mac/Library/Android/sdk
    • ANDROID_SDK_ROOT = /Users/mac/Library/Android/sdk
    • Java binary at: /Applications/Android Studio.app/Contents/jre/jdk/Contents/Home/bin/java
    • Java version OpenJDK Runtime Environment (build 1.8.0_242-release-1644-b3-6915495)
    • All Android licenses accepted.

[✓] Xcode - develop for iOS and macOS (Xcode 12.0)
    • Xcode at /Applications/Xcode.app/Contents/Developer
    • Xcode 12.0, Build version 12A7209
    • CocoaPods version 1.9.1

[✓] Android Studio (version 4.1)
    • Android Studio at /Applications/Android Studio.app/Contents
    • Flutter plugin installed
    • Dart plugin version 201.9317
    • Java version OpenJDK Runtime Environment (build 1.8.0_242-release-1644-b3-6915495)

[✓] Connected device (1 available)
    • sdk gphone x86 arm (mobile) • emulator-5554 • android-x86 • Android 11 (API 30) (emulator)
    ! Error: iPhone is not connected. Xcode will continue when iPhone is connected. (code -13)

• No issues found!
```
